Running in Lattice mode

sourcing C:\lscc\diamond\3.6_x64\synpbase\lib\message_override.tcl


Starting:    C:\lscc\diamond\3.6_x64\synpbase\bin64\mbin\synbatch.exe
Install:     C:\lscc\diamond\3.6_x64\synpbase
Hostname:    WIN-O4AFEOIGTE9
Date:        Sat Apr 15 06:54:45 2017
Version:     J-2015.03L-SP1

Arguments:   -product synplify_pro -batch picorv_picorv_synplify.tcl
ProductType: synplify_pro





log file: "C:\02_Elektronik\044_RISCV\07_PICORV\02_Implementations\02_MachXO2\picorv\picorv_picorv.srr"

Running: picorv in foreground



Running proj_1|picorv


Running: compile (Compile) on proj_1|picorv


Running: compile_flow (Compile Process) on proj_1|picorv


Running: compiler (Compile Input) on proj_1|picorv

Copied C:\02_Elektronik\044_RISCV\07_PICORV\02_Implementations\02_MachXO2\picorv\synwork\picorv_picorv_comp.srs to C:\02_Elektronik\044_RISCV\07_PICORV\02_Implementations\02_MachXO2\picorv\picorv_picorv.srs


compiler Completed
Return Code: 0
Run Time:0h:00m:07s


Running: multi_srs_gen (Multi-srs Generator) on proj_1|picorv

Copied C:\02_Elektronik\044_RISCV\07_PICORV\02_Implementations\02_MachXO2\picorv\synwork\picorv_picorv_comp.srs to C:\02_Elektronik\044_RISCV\07_PICORV\02_Implementations\02_MachXO2\picorv\synwork\picorv_picorv_s.srs


multi_srs_gen Completed
Return Code: 0
Run Time:0h:00m:00s

Copied C:\02_Elektronik\044_RISCV\07_PICORV\02_Implementations\02_MachXO2\picorv\synwork\picorv_picorv_mult.srs to C:\02_Elektronik\044_RISCV\07_PICORV\02_Implementations\02_MachXO2\picorv\picorv_picorv.srs

Copied C:\02_Elektronik\044_RISCV\07_PICORV\02_Implementations\02_MachXO2\picorv\picorv_picorv.srr to C:\02_Elektronik\044_RISCV\07_PICORV\02_Implementations\02_MachXO2\picorv\picorv_picorv.srf

Complete: Compile Process on proj_1|picorv


Running: premap (Pre-mapping) on proj_1|picorv


premap Completed with warnings
Return Code: 1
Run Time:0h:00m:02s

Complete: Compile on proj_1|picorv


Running: map (Map) on proj_1|picorv


Running: fpga_mapper (Map & Optimize) on proj_1|picorv

Copied C:\02_Elektronik\044_RISCV\07_PICORV\02_Implementations\02_MachXO2\picorv\synwork\picorv_picorv_m.srm to C:\02_Elektronik\044_RISCV\07_PICORV\02_Implementations\02_MachXO2\picorv\picorv_picorv.srm


fpga_mapper Completed with warnings
Return Code: 1
Run Time:0h:00m:06s

Complete: Map on proj_1|picorv

Copied C:\02_Elektronik\044_RISCV\07_PICORV\02_Implementations\02_MachXO2\picorv\picorv_picorv.srr to C:\02_Elektronik\044_RISCV\07_PICORV\02_Implementations\02_MachXO2\picorv\picorv_picorv.srf

Complete: Logic Synthesis on proj_1|picorv

TCL script complete: "picorv_picorv_synplify.tcl"

exit status=0

exit status=0

Save changes for project:
C:\02_Elektronik\044_RISCV\07_PICORV\02_Implementations\02_MachXO2\picorv\proj_1.prj

batch mode default:no

