Resource Usage Report
Part: lcmxo2_7000he-4

Register bits: 757 of 6864 (11%)
PIC Latch:       0
I/O cells:       9

Details:
CCU2D:          125
FD1P3AX:        325
FD1P3IX:        69
FD1P3JX:        19
FD1S3AX:        260
FD1S3AY:        1
FD1S3IX:        63
FD1S3JX:        12
GSR:            1
IB:             1
INV:            2
MUX81:          24
OB:             8
OFS1P3DX:       8
ORCALUT4:       1037
PDPW8KC:        4
PFUMX:          15
PUR:            1
SP8KC:          1
SPR16X4C:       48
VHI:            2
VLO:            2
